Determining if the pthread_create exist failed with the following output:
Change Dir: /home/masahiko/catkin_ws/src/objectDetector/CMakeFiles/CMakeTmp

Run Build Command:/usr/bin/make "cmTryCompileExec1932364654/fast"
/usr/bin/make -f CMakeFiles/cmTryCompileExec1932364654.dir/build.make CMakeFiles/cmTryCompileExec1932364654.dir/build
make[1]: ディレクトリ `/home/masahiko/catkin_ws/src/objectDetector/CMakeFiles/CMakeTmp' に入ります
/usr/bin/cmake -E cmake_progress_report /home/masahiko/catkin_ws/src/objectDetector/CMakeFiles/CMakeTmp/CMakeFiles 1
Building C object CMakeFiles/cmTryCompileExec1932364654.dir/CheckSymbolExists.c.o
/usr/bin/gcc    -o CMakeFiles/cmTryCompileExec1932364654.dir/CheckSymbolExists.c.o   -c /home/masahiko/catkin_ws/src/objectDetector/CMakeFiles/CMakeTmp/CheckSymbolExists.c
Linking C executable cmTryCompileExec1932364654
/usr/bin/cmake -E cmake_link_script CMakeFiles/cmTryCompileExec1932364654.dir/link.txt --verbose=1
/usr/bin/gcc         CMakeFiles/cmTryCompileExec1932364654.dir/CheckSymbolExists.c.o  -o cmTryCompileExec1932364654 -rdynamic 
CMakeFiles/cmTryCompileExec1932364654.dir/CheckSymbolExists.c.o: In function `main':
CheckSymbolExists.c:(.text+0x16): undefined reference to `pthread_create'
collect2: ld はステータス 1 で終了しました
make[1]: ディレクトリ `/home/masahiko/catkin_ws/src/objectDetector/CMakeFiles/CMakeTmp' から出ます
make[1]: *** [cmTryCompileExec1932364654] エラー 1
make: *** [cmTryCompileExec1932364654/fast] エラー 2

File /home/masahiko/catkin_ws/src/objectDetector/CMakeFiles/CMakeTmp/CheckSymbolExists.c:
/* */
#include <pthread.h>

int main(int argc, char** argv)
{
  (void)argv;
#ifndef pthread_create
  return ((int*)(&pthread_create))[argc];
#else
  (void)argc;
  return 0;
#endif
}

Determining if the function pthread_create exists in the pthreads failed with the following output:
Change Dir: /home/masahiko/catkin_ws/src/objectDetector/CMakeFiles/CMakeTmp

Run Build Command:/usr/bin/make "cmTryCompileExec763688810/fast"
/usr/bin/make -f CMakeFiles/cmTryCompileExec763688810.dir/build.make CMakeFiles/cmTryCompileExec763688810.dir/build
make[1]: ディレクトリ `/home/masahiko/catkin_ws/src/objectDetector/CMakeFiles/CMakeTmp' に入ります
/usr/bin/cmake -E cmake_progress_report /home/masahiko/catkin_ws/src/objectDetector/CMakeFiles/CMakeTmp/CMakeFiles 1
Building C object CMakeFiles/cmTryCompileExec763688810.dir/CheckFunctionExists.c.o
/usr/bin/gcc   -DCHECK_FUNCTION_EXISTS=pthread_create   -o CMakeFiles/cmTryCompileExec763688810.dir/CheckFunctionExists.c.o   -c /usr/share/cmake-2.8/Modules/CheckFunctionExists.c
Linking C executable cmTryCompileExec763688810
/usr/bin/cmake -E cmake_link_script CMakeFiles/cmTryCompileExec763688810.dir/link.txt --verbose=1
/usr/bin/gcc     -DCHECK_FUNCTION_EXISTS=pthread_create    CMakeFiles/cmTryCompileExec763688810.dir/CheckFunctionExists.c.o  -o cmTryCompileExec763688810 -rdynamic -lpthreads 
/usr/bin/ld: cannot find -lpthreads
collect2: ld はステータス 1 で終了しました
make[1]: ディレクトリ `/home/masahiko/catkin_ws/src/objectDetector/CMakeFiles/CMakeTmp' から出ます
make[1]: *** [cmTryCompileExec763688810] エラー 1
make: *** [cmTryCompileExec763688810/fast] エラー 2


